<?xml version="1.0" encoding="UTF-8"?>
<!-- Generated by org.testng.reporters.JUnitReportReporter -->
<testsuite skipped="0" hostname="BDC8-LX-47G9VN2" name="com.crm.qa.testcases.HomePageTest" tests="2" failures="0" timestamp="12 Jun 2019 13:54:49 GMT" time="46.838" errors="0">
  <testcase name="validateUserNameTest" time="25.010" classname="com.crm.qa.testcases.HomePageTest"/>
  <testcase name="validateHomePageLogoTest" time="21.828" classname="com.crm.qa.testcases.HomePageTest"/>
</testsuite> <!-- com.crm.qa.testcases.HomePageTest -->
