<?xml version="1.0" encoding="UTF-8"?>
<!-- Generated by org.testng.reporters.JUnitReportReporter -->
<testsuite skipped="0" hostname="BDC8-LX-47G9VN2" name="com.crm.qa.testcases.LoginPageTest" tests="3" failures="0" timestamp="08 Jun 2019 18:26:40 GMT" time="99.676" errors="0">
  <testcase name="LoginPageTitletest" time="26.686" classname="com.crm.qa.testcases.LoginPageTest"/>
  <testcase name="validateForgotPasswordTest" time="35.426" classname="com.crm.qa.testcases.LoginPageTest"/>
  <testcase name="loginTest" time="37.564" classname="com.crm.qa.testcases.LoginPageTest"/>
</testsuite> <!-- com.crm.qa.testcases.LoginPageTest -->
