<?xml version="1.0" encoding="UTF-8"?>
<!-- Generated by org.testng.reporters.JUnitReportReporter -->
<testsuite skipped="0" hostname="BDC8-LX-47G9VN2" name="com.crm.qa.testcases.ContactsPageTest" tests="3" failures="0" timestamp="18 Jun 2019 11:59:31 GMT" time="69.881" errors="0">
  <testcase name="createNewContactsTest" time="26.724" classname="com.crm.qa.testcases.ContactsPageTest"/>
  <testcase name="createNewContactsTest" time="21.620" classname="com.crm.qa.testcases.ContactsPageTest"/>
  <testcase name="createNewContactsTest" time="21.537" classname="com.crm.qa.testcases.ContactsPageTest"/>
</testsuite> <!-- com.crm.qa.testcases.ContactsPageTest -->
